<?xml version="1.0" encoding="UTF-8"?>
<!-- Generated by org.testng.reporters.JUnitReportReporter -->
<testsuite hostname="LAPTOP-P0V6S3OM" failures="0" tests="10" name="com.sgtesting.log4jassign.ChromeAssign6" time="55.675" errors="0" timestamp="2021-06-03T23:40:48 IST" skipped="0">
  <testcase classname="com.sgtesting.log4jassign.ChromeAssign6" name="launchBrowser" time="1.378"/>
  <system-out/>
  <testcase classname="com.sgtesting.log4jassign.ChromeAssign6" name="navigate" time="4.567"/>
  <system-out/>
  <testcase classname="com.sgtesting.log4jassign.ChromeAssign6" name="login" time="4.153"/>
  <system-out/>
  <testcase classname="com.sgtesting.log4jassign.ChromeAssign6" name="createcustomer" time="12.717"/>
  <system-out/>
  <testcase classname="com.sgtesting.log4jassign.ChromeAssign6" name="createproject" time="10.407"/>
  <system-out/>
  <testcase classname="com.sgtesting.log4jassign.ChromeAssign6" name="modifyproject" time="6.266"/>
  <system-out/>
  <testcase classname="com.sgtesting.log4jassign.ChromeAssign6" name="deleteproject" time="8.422"/>
  <system-out/>
  <testcase classname="com.sgtesting.log4jassign.ChromeAssign6" name="deletecumstomer" time="5.424"/>
  <system-out/>
  <testcase classname="com.sgtesting.log4jassign.ChromeAssign6" name="logout" time="2.258"/>
  <system-out/>
  <testcase classname="com.sgtesting.log4jassign.ChromeAssign6" name="closeApplication" time="0.083"/>
  <system-out/>
</testsuite> <!-- com.sgtesting.log4jassign.ChromeAssign6 -->
