<?xml version="1.0" encoding="UTF-8"?>
<!-- Generated by org.testng.reporters.JUnitReportReporter -->
<testsuite hostname="LAPTOP-P0V6S3OM" failures="0" tests="9" name="com.sgtesting.log4jassign.ChromeAssign7" time="33.083" errors="0" timestamp="2021-06-03T23:40:48 IST" skipped="0">
  <testcase classname="com.sgtesting.log4jassign.ChromeAssign7" name="launchBrowser" time="1.265"/>
  <system-out/>
  <testcase classname="com.sgtesting.log4jassign.ChromeAssign7" name="navigate" time="3.325"/>
  <system-out/>
  <testcase classname="com.sgtesting.log4jassign.ChromeAssign7" name="login" time="2.147"/>
  <system-out/>
  <testcase classname="com.sgtesting.log4jassign.ChromeAssign7" name="createcustomer" time="8.538"/>
  <system-out/>
  <testcase classname="com.sgtesting.log4jassign.ChromeAssign7" name="createproject" time="7.234"/>
  <system-out/>
  <testcase classname="com.sgtesting.log4jassign.ChromeAssign7" name="createtask" time="4.191"/>
  <system-out/>
  <testcase classname="com.sgtesting.log4jassign.ChromeAssign7" name="deletetask" time="4.170"/>
  <system-out/>
  <testcase classname="com.sgtesting.log4jassign.ChromeAssign7" name="logout" time="2.165"/>
  <system-out/>
  <testcase classname="com.sgtesting.log4jassign.ChromeAssign7" name="closeApplication" time="0.048"/>
  <system-out/>
</testsuite> <!-- com.sgtesting.log4jassign.ChromeAssign7 -->
