<?xml version="1.0" encoding="UTF-8"?>
<!-- Generated by org.testng.reporters.JUnitReportReporter -->
<testsuite hostname="LAPTOP-P0V6S3OM" failures="0" tests="10" name="com.sgtesting.testngpack1.ChromeAssign6" time="39.616" errors="0" timestamp="2021-06-02T18:36:56 IST" skipped="0">
  <testcase classname="com.sgtesting.testngpack1.ChromeAssign6" name="launchBrowser" time="1.257"/>
  <system-out/>
  <testcase classname="com.sgtesting.testngpack1.ChromeAssign6" name="navigate" time="6.224"/>
  <system-out/>
  <testcase classname="com.sgtesting.testngpack1.ChromeAssign6" name="login" time="2.155"/>
  <system-out/>
  <testcase classname="com.sgtesting.testngpack1.ChromeAssign6" name="createcustomer" time="8.642"/>
  <system-out/>
  <testcase classname="com.sgtesting.testngpack1.ChromeAssign6" name="createproject" time="7.329"/>
  <system-out/>
  <testcase classname="com.sgtesting.testngpack1.ChromeAssign6" name="modifyproject" time="3.180"/>
  <system-out/>
  <testcase classname="com.sgtesting.testngpack1.ChromeAssign6" name="deleteproject" time="4.282"/>
  <system-out/>
  <testcase classname="com.sgtesting.testngpack1.ChromeAssign6" name="deletecumstomer" time="4.279"/>
  <system-out/>
  <testcase classname="com.sgtesting.testngpack1.ChromeAssign6" name="logout" time="2.198"/>
  <system-out/>
  <testcase classname="com.sgtesting.testngpack1.ChromeAssign6" name="closeApplication" time="0.070"/>
  <system-out/>
</testsuite> <!-- com.sgtesting.testngpack1.ChromeAssign6 -->
