<?xml version="1.0" encoding="UTF-8"?>
<!-- Generated by org.testng.reporters.JUnitReportReporter -->
<testsuite hostname="LAPTOP-P0V6S3OM" failures="0" tests="30" name="com.sgtesting.log4jassign.AdvanceAssign2" time="142.280" errors="0" timestamp="2021-06-03T23:40:48 IST" skipped="0">
  <testcase classname="com.sgtesting.log4jassign.AdvanceAssign2" name="launchBrowser" time="1.485"/>
  <system-out/>
  <testcase classname="com.sgtesting.log4jassign.AdvanceAssign2" name="navigate" time="6.015"/>
  <system-out/>
  <testcase classname="com.sgtesting.log4jassign.AdvanceAssign2" name="login" time="2.145"/>
  <system-out/>
  <testcase classname="com.sgtesting.log4jassign.AdvanceAssign2" name="createUser1" time="11.976"/>
  <system-out/>
  <testcase classname="com.sgtesting.log4jassign.AdvanceAssign2" name="logout" time="2.186"/>
  <system-out/>
  <testcase classname="com.sgtesting.log4jassign.AdvanceAssign2" name="loginUser1" time="6.314"/>
  <system-out/>
  <testcase classname="com.sgtesting.log4jassign.AdvanceAssign2" name="createUser2" time="6.932"/>
  <system-out/>
  <testcase classname="com.sgtesting.log4jassign.AdvanceAssign2" name="logout8" time="2.259"/>
  <system-out/>
  <testcase classname="com.sgtesting.log4jassign.AdvanceAssign2" name="loginUser2" time="6.345"/>
  <system-out/>
  <testcase classname="com.sgtesting.log4jassign.AdvanceAssign2" name="createUser3" time="6.978"/>
  <system-out/>
  <testcase classname="com.sgtesting.log4jassign.AdvanceAssign2" name="logout11" time="2.203"/>
  <system-out/>
  <testcase classname="com.sgtesting.log4jassign.AdvanceAssign2" name="login12" time="2.182"/>
  <system-out/>
  <testcase classname="com.sgtesting.log4jassign.AdvanceAssign2" name="modifyUser1" time="11.571"/>
  <system-out/>
  <testcase classname="com.sgtesting.log4jassign.AdvanceAssign2" name="logout14" time="2.491"/>
  <system-out/>
  <testcase classname="com.sgtesting.log4jassign.AdvanceAssign2" name="loginmodifiedUser1" time="2.183"/>
  <system-out/>
  <testcase classname="com.sgtesting.log4jassign.AdvanceAssign2" name="modifyUser2" time="11.644"/>
  <system-out/>
  <testcase classname="com.sgtesting.log4jassign.AdvanceAssign2" name="logout17" time="2.181"/>
  <system-out/>
  <testcase classname="com.sgtesting.log4jassign.AdvanceAssign2" name="loginmodifiedUser2" time="2.160"/>
  <system-out/>
  <testcase classname="com.sgtesting.log4jassign.AdvanceAssign2" name="modifyUser3" time="11.689"/>
  <system-out/>
  <testcase classname="com.sgtesting.log4jassign.AdvanceAssign2" name="logout20" time="2.228"/>
  <system-out/>
  <testcase classname="com.sgtesting.log4jassign.AdvanceAssign2" name="loginmodifiedUser221" time="2.182"/>
  <system-out/>
  <testcase classname="com.sgtesting.log4jassign.AdvanceAssign2" name="deleteUser3" time="8.541"/>
  <system-out/>
  <testcase classname="com.sgtesting.log4jassign.AdvanceAssign2" name="logout23" time="2.178"/>
  <system-out/>
  <testcase classname="com.sgtesting.log4jassign.AdvanceAssign2" name="loginmodifiedUser124" time="2.181"/>
  <system-out/>
  <testcase classname="com.sgtesting.log4jassign.AdvanceAssign2" name="deleteUser2" time="8.488"/>
  <system-out/>
  <testcase classname="com.sgtesting.log4jassign.AdvanceAssign2" name="logout26" time="2.290"/>
  <system-out/>
  <testcase classname="com.sgtesting.log4jassign.AdvanceAssign2" name="login27" time="2.259"/>
  <system-out/>
  <testcase classname="com.sgtesting.log4jassign.AdvanceAssign2" name="deleteUser1" time="8.710"/>
  <system-out/>
  <testcase classname="com.sgtesting.log4jassign.AdvanceAssign2" name="logout29" time="2.207"/>
  <system-out/>
  <testcase classname="com.sgtesting.log4jassign.AdvanceAssign2" name="closeApplication" time="0.077"/>
  <system-out/>
</testsuite> <!-- com.sgtesting.log4jassign.AdvanceAssign2 -->
