<?xml version="1.0" encoding="UTF-8"?>
<!-- Generated by org.testng.reporters.JUnitReportReporter -->
<testsuite hostname="LAPTOP-P0V6S3OM" failures="0" tests="8" name="com.sgtesting.log4jassign.ChromeAssign4" time="23.949" errors="0" timestamp="2021-06-03T23:40:48 IST" skipped="0">
  <testcase classname="com.sgtesting.log4jassign.ChromeAssign4" name="launchBrowser" time="1.628"/>
  <system-out/>
  <testcase classname="com.sgtesting.log4jassign.ChromeAssign4" name="navigate" time="3.643"/>
  <system-out/>
  <testcase classname="com.sgtesting.log4jassign.ChromeAssign4" name="login" time="2.144"/>
  <system-out/>
  <testcase classname="com.sgtesting.log4jassign.ChromeAssign4" name="createcustomer" time="6.374"/>
  <system-out/>
  <testcase classname="com.sgtesting.log4jassign.ChromeAssign4" name="modifycustomer" time="3.388"/>
  <system-out/>
  <testcase classname="com.sgtesting.log4jassign.ChromeAssign4" name="deletecumstomer" time="4.364"/>
  <system-out/>
  <testcase classname="com.sgtesting.log4jassign.ChromeAssign4" name="logout" time="2.243"/>
  <system-out/>
  <testcase classname="com.sgtesting.log4jassign.ChromeAssign4" name="closeApplication" time="0.165"/>
  <system-out/>
</testsuite> <!-- com.sgtesting.log4jassign.ChromeAssign4 -->
