<?xml version="1.0" encoding="UTF-8"?>
<!-- Generated by org.testng.reporters.JUnitReportReporter -->
<testsuite hostname="LAPTOP-P0V6S3OM" failures="0" tests="7" name="com.sgtesting.testngpack1.ChromeAssign1" time="30.173" errors="0" timestamp="2021-06-02T18:36:56 IST" skipped="0">
  <testcase classname="com.sgtesting.testngpack1.ChromeAssign1" name="launchBrowser" time="2.030"/>
  <system-out/>
  <testcase classname="com.sgtesting.testngpack1.ChromeAssign1" name="navigate" time="5.877"/>
  <system-out/>
  <testcase classname="com.sgtesting.testngpack1.ChromeAssign1" name="login" time="2.180"/>
  <system-out/>
  <testcase classname="com.sgtesting.testngpack1.ChromeAssign1" name="createUser" time="10.618"/>
  <system-out/>
  <testcase classname="com.sgtesting.testngpack1.ChromeAssign1" name="deleteUser" time="7.199"/>
  <system-out/>
  <testcase classname="com.sgtesting.testngpack1.ChromeAssign1" name="logout" time="2.183"/>
  <system-out/>
  <testcase classname="com.sgtesting.testngpack1.ChromeAssign1" name="closeApplication" time="0.086"/>
  <system-out/>
</testsuite> <!-- com.sgtesting.testngpack1.ChromeAssign1 -->
