<?xml version="1.0" encoding="UTF-8"?>
<!-- Generated by org.testng.reporters.JUnitReportReporter -->
<testsuite hostname="LAPTOP-P0V6S3OM" failures="0" tests="9" name="com.sgtesting.testngpack1.ChromeAssign7" time="36.804" errors="0" timestamp="2021-06-02T18:36:56 IST" skipped="0">
  <testcase classname="com.sgtesting.testngpack1.ChromeAssign7" name="launchBrowser" time="1.303"/>
  <system-out/>
  <testcase classname="com.sgtesting.testngpack1.ChromeAssign7" name="navigate" time="6.073"/>
  <system-out/>
  <testcase classname="com.sgtesting.testngpack1.ChromeAssign7" name="login" time="2.158"/>
  <system-out/>
  <testcase classname="com.sgtesting.testngpack1.ChromeAssign7" name="createcustomer" time="8.832"/>
  <system-out/>
  <testcase classname="com.sgtesting.testngpack1.ChromeAssign7" name="createproject" time="7.332"/>
  <system-out/>
  <testcase classname="com.sgtesting.testngpack1.ChromeAssign7" name="createtask" time="4.422"/>
  <system-out/>
  <testcase classname="com.sgtesting.testngpack1.ChromeAssign7" name="deletetask" time="4.407"/>
  <system-out/>
  <testcase classname="com.sgtesting.testngpack1.ChromeAssign7" name="logout" time="2.203"/>
  <system-out/>
  <testcase classname="com.sgtesting.testngpack1.ChromeAssign7" name="closeApplication" time="0.074"/>
  <system-out/>
</testsuite> <!-- com.sgtesting.testngpack1.ChromeAssign7 -->
