<?xml version="1.0" encoding="UTF-8"?>
<!-- Generated by org.testng.reporters.JUnitReportReporter -->
<testsuite hostname="LAPTOP-P0V6S3OM" failures="0" tests="15" name="com.sgtesting.log4jassign.AdvanceAssign1" time="76.815" errors="0" timestamp="2021-06-03T23:40:48 IST" skipped="0">
  <testcase classname="com.sgtesting.log4jassign.AdvanceAssign1" name="launchBrowser" time="1.206"/>
  <system-out/>
  <testcase classname="com.sgtesting.log4jassign.AdvanceAssign1" name="navigate" time="4.342"/>
  <system-out/>
  <testcase classname="com.sgtesting.log4jassign.AdvanceAssign1" name="login" time="2.199"/>
  <system-out/>
  <testcase classname="com.sgtesting.log4jassign.AdvanceAssign1" name="create3Users" time="18.983"/>
  <system-out/>
  <testcase classname="com.sgtesting.log4jassign.AdvanceAssign1" name="logout" time="2.193"/>
  <system-out/>
  <testcase classname="com.sgtesting.log4jassign.AdvanceAssign1" name="loginUser1" time="4.367"/>
  <system-out/>
  <testcase classname="com.sgtesting.log4jassign.AdvanceAssign1" name="logoutUser1" time="2.204"/>
  <system-out/>
  <testcase classname="com.sgtesting.log4jassign.AdvanceAssign1" name="loginUser2" time="4.316"/>
  <system-out/>
  <testcase classname="com.sgtesting.log4jassign.AdvanceAssign1" name="logoutUser2" time="2.167"/>
  <system-out/>
  <testcase classname="com.sgtesting.log4jassign.AdvanceAssign1" name="loginUser3" time="4.264"/>
  <system-out/>
  <testcase classname="com.sgtesting.log4jassign.AdvanceAssign1" name="logoutUser3" time="2.175"/>
  <system-out/>
  <testcase classname="com.sgtesting.log4jassign.AdvanceAssign1" name="loginAdmin" time="2.243"/>
  <system-out/>
  <testcase classname="com.sgtesting.log4jassign.AdvanceAssign1" name="delete3Users" time="23.846"/>
  <system-out/>
  <testcase classname="com.sgtesting.log4jassign.AdvanceAssign1" name="logoutAdmin" time="2.227"/>
  <system-out/>
  <testcase classname="com.sgtesting.log4jassign.AdvanceAssign1" name="closeApplication" time="0.083"/>
  <system-out/>
</testsuite> <!-- com.sgtesting.log4jassign.AdvanceAssign1 -->
