<?xml version="1.0" encoding="UTF-8"?>
<!-- Generated by org.testng.reporters.JUnitReportReporter -->
<testsuite hostname="LAPTOP-P0V6S3OM" failures="0" tests="8" name="com.sgtesting.testngpack1.ChromeAssign4" time="27.579" errors="0" timestamp="2021-06-02T18:36:56 IST" skipped="0">
  <testcase classname="com.sgtesting.testngpack1.ChromeAssign4" name="launchBrowser" time="1.299"/>
  <system-out/>
  <testcase classname="com.sgtesting.testngpack1.ChromeAssign4" name="navigate" time="6.481"/>
  <system-out/>
  <testcase classname="com.sgtesting.testngpack1.ChromeAssign4" name="login" time="2.153"/>
  <system-out/>
  <testcase classname="com.sgtesting.testngpack1.ChromeAssign4" name="createcustomer" time="7.673"/>
  <system-out/>
  <testcase classname="com.sgtesting.testngpack1.ChromeAssign4" name="modifycustomer" time="3.277"/>
  <system-out/>
  <testcase classname="com.sgtesting.testngpack1.ChromeAssign4" name="deletecumstomer" time="4.393"/>
  <system-out/>
  <testcase classname="com.sgtesting.testngpack1.ChromeAssign4" name="logout" time="2.224"/>
  <system-out/>
  <testcase classname="com.sgtesting.testngpack1.ChromeAssign4" name="closeApplication" time="0.079"/>
  <system-out/>
</testsuite> <!-- com.sgtesting.testngpack1.ChromeAssign4 -->
