<?xml version="1.0" encoding="UTF-8"?>
<!-- Generated by org.testng.reporters.JUnitReportReporter -->
<testsuite hostname="LAPTOP-P0V6S3OM" failures="0" tests="8" name="com.sgtesting.log4jassign.ChromeAssign2" time="40.681" errors="0" timestamp="2021-06-03T23:40:48 IST" skipped="0">
  <testcase classname="com.sgtesting.log4jassign.ChromeAssign2" name="createUser" time="14.083"/>
  <system-out/>
  <testcase classname="com.sgtesting.log4jassign.ChromeAssign2" name="login" time="2.250"/>
  <system-out/>
  <testcase classname="com.sgtesting.log4jassign.ChromeAssign2" name="deleteUser" time="7.246"/>
  <system-out/>
  <testcase classname="com.sgtesting.log4jassign.ChromeAssign2" name="navigate" time="5.216"/>
  <system-out/>
  <testcase classname="com.sgtesting.log4jassign.ChromeAssign2" name="modifyuser" time="8.275"/>
  <system-out/>
  <testcase classname="com.sgtesting.log4jassign.ChromeAssign2" name="closeApplication" time="0.049"/>
  <system-out/>
  <testcase classname="com.sgtesting.log4jassign.ChromeAssign2" name="logout" time="2.262"/>
  <system-out/>
  <testcase classname="com.sgtesting.log4jassign.ChromeAssign2" name="launchBrowser" time="1.300"/>
  <system-out/>
</testsuite> <!-- com.sgtesting.log4jassign.ChromeAssign2 -->
