<?xml version="1.0" encoding="UTF-8"?>
<!-- Generated by org.testng.reporters.JUnitReportReporter -->
<testsuite hostname="LAPTOP-P0V6S3OM" failures="0" tests="10" name="com.sgtesting.log4jassign.ChromeAssign5" time="36.266" errors="0" timestamp="2021-06-03T23:40:48 IST" skipped="1">
  <testcase classname="com.sgtesting.log4jassign.ChromeAssign5" name="launchBrowser" time="1.459"/>
  <system-out/>
  <testcase classname="com.sgtesting.log4jassign.ChromeAssign5" name="navigate" time="5.229"/>
  <system-out/>
  <testcase classname="com.sgtesting.log4jassign.ChromeAssign5" name="login" time="2.158"/>
  <system-out/>
  <testcase classname="com.sgtesting.log4jassign.ChromeAssign5" name="createcustomer" time="8.944"/>
  <system-out/>
  <testcase classname="com.sgtesting.log4jassign.ChromeAssign5" name="createproject" time="7.395"/>
  <system-out/>
  <testcase classname="com.sgtesting.log4jassign.ChromeAssign5" name="deleteproject" time="4.429"/>
  <system-out/>
  <testcase classname="com.sgtesting.log4jassign.ChromeAssign5" name="deletecumstomer" time="4.369"/>
  <system-out/>
  <testcase classname="com.sgtesting.log4jassign.ChromeAssign5" name="logout" time="2.222"/>
  <system-out/>
  <testcase classname="com.sgtesting.log4jassign.ChromeAssign5" name="closeApplication" time="0.061"/>
  <system-out/>
  <testcase classname="com.sgtesting.log4jassign.ChromeAssign5" name="main1">
    <skipped/>
  </testcase> <!-- main1 -->
  <system-out/>
</testsuite> <!-- com.sgtesting.log4jassign.ChromeAssign5 -->
