<?xml version="1.0" encoding="UTF-8"?>
<!-- Generated by org.testng.reporters.JUnitReportReporter -->
<testsuite hostname="LAPTOP-P0V6S3OM" failures="0" tests="10" name="com.sgtesting.testngpack1.ChromeAssign5" time="36.246" errors="0" timestamp="2021-06-02T18:36:56 IST" skipped="1">
  <testcase classname="com.sgtesting.testngpack1.ChromeAssign5" name="launchBrowser" time="1.415"/>
  <system-out/>
  <testcase classname="com.sgtesting.testngpack1.ChromeAssign5" name="navigate" time="5.642"/>
  <system-out/>
  <testcase classname="com.sgtesting.testngpack1.ChromeAssign5" name="login" time="2.156"/>
  <system-out/>
  <testcase classname="com.sgtesting.testngpack1.ChromeAssign5" name="createcustomer" time="8.760"/>
  <system-out/>
  <testcase classname="com.sgtesting.testngpack1.ChromeAssign5" name="createproject" time="7.299"/>
  <system-out/>
  <testcase classname="com.sgtesting.testngpack1.ChromeAssign5" name="deleteproject" time="4.342"/>
  <system-out/>
  <testcase classname="com.sgtesting.testngpack1.ChromeAssign5" name="deletecumstomer" time="4.355"/>
  <system-out/>
  <testcase classname="com.sgtesting.testngpack1.ChromeAssign5" name="logout" time="2.211"/>
  <system-out/>
  <testcase classname="com.sgtesting.testngpack1.ChromeAssign5" name="closeApplication" time="0.066"/>
  <system-out/>
  <testcase classname="com.sgtesting.testngpack1.ChromeAssign5" name="main1">
    <skipped/>
  </testcase> <!-- main1 -->
  <system-out/>
</testsuite> <!-- com.sgtesting.testngpack1.ChromeAssign5 -->
