<?xml version="1.0" encoding="UTF-8"?>
<!-- Generated by org.testng.reporters.JUnitReportReporter -->
<testsuite hostname="LAPTOP-P0V6S3OM" failures="0" tests="30" name="com.sgtesting.testngpack1.AdvanceAssign2" time="141.101" errors="0" timestamp="2021-06-02T18:36:56 IST" skipped="0">
  <testcase classname="com.sgtesting.testngpack1.AdvanceAssign2" name="launchBrowser" time="1.297"/>
  <system-out/>
  <testcase classname="com.sgtesting.testngpack1.AdvanceAssign2" name="navigate" time="6.455"/>
  <system-out/>
  <testcase classname="com.sgtesting.testngpack1.AdvanceAssign2" name="login" time="2.165"/>
  <system-out/>
  <testcase classname="com.sgtesting.testngpack1.AdvanceAssign2" name="createUser1" time="7.878"/>
  <system-out/>
  <testcase classname="com.sgtesting.testngpack1.AdvanceAssign2" name="logout" time="2.180"/>
  <system-out/>
  <testcase classname="com.sgtesting.testngpack1.AdvanceAssign2" name="loginUser1" time="7.810"/>
  <system-out/>
  <testcase classname="com.sgtesting.testngpack1.AdvanceAssign2" name="createUser2" time="6.963"/>
  <system-out/>
  <testcase classname="com.sgtesting.testngpack1.AdvanceAssign2" name="logout8" time="2.195"/>
  <system-out/>
  <testcase classname="com.sgtesting.testngpack1.AdvanceAssign2" name="loginUser2" time="6.392"/>
  <system-out/>
  <testcase classname="com.sgtesting.testngpack1.AdvanceAssign2" name="createUser3" time="7.276"/>
  <system-out/>
  <testcase classname="com.sgtesting.testngpack1.AdvanceAssign2" name="logout11" time="2.217"/>
  <system-out/>
  <testcase classname="com.sgtesting.testngpack1.AdvanceAssign2" name="login12" time="2.161"/>
  <system-out/>
  <testcase classname="com.sgtesting.testngpack1.AdvanceAssign2" name="modifyUser1" time="11.637"/>
  <system-out/>
  <testcase classname="com.sgtesting.testngpack1.AdvanceAssign2" name="logout14" time="2.204"/>
  <system-out/>
  <testcase classname="com.sgtesting.testngpack1.AdvanceAssign2" name="loginmodifiedUser1" time="2.303"/>
  <system-out/>
  <testcase classname="com.sgtesting.testngpack1.AdvanceAssign2" name="modifyUser2" time="11.694"/>
  <system-out/>
  <testcase classname="com.sgtesting.testngpack1.AdvanceAssign2" name="logout17" time="2.233"/>
  <system-out/>
  <testcase classname="com.sgtesting.testngpack1.AdvanceAssign2" name="loginmodifiedUser2" time="2.173"/>
  <system-out/>
  <testcase classname="com.sgtesting.testngpack1.AdvanceAssign2" name="modifyUser3" time="11.505"/>
  <system-out/>
  <testcase classname="com.sgtesting.testngpack1.AdvanceAssign2" name="logout20" time="2.164"/>
  <system-out/>
  <testcase classname="com.sgtesting.testngpack1.AdvanceAssign2" name="loginmodifiedUser221" time="2.123"/>
  <system-out/>
  <testcase classname="com.sgtesting.testngpack1.AdvanceAssign2" name="deleteUser3" time="8.437"/>
  <system-out/>
  <testcase classname="com.sgtesting.testngpack1.AdvanceAssign2" name="logout23" time="2.279"/>
  <system-out/>
  <testcase classname="com.sgtesting.testngpack1.AdvanceAssign2" name="loginmodifiedUser124" time="2.207"/>
  <system-out/>
  <testcase classname="com.sgtesting.testngpack1.AdvanceAssign2" name="deleteUser2" time="8.567"/>
  <system-out/>
  <testcase classname="com.sgtesting.testngpack1.AdvanceAssign2" name="logout26" time="2.296"/>
  <system-out/>
  <testcase classname="com.sgtesting.testngpack1.AdvanceAssign2" name="login27" time="2.232"/>
  <system-out/>
  <testcase classname="com.sgtesting.testngpack1.AdvanceAssign2" name="deleteUser1" time="8.997"/>
  <system-out/>
  <testcase classname="com.sgtesting.testngpack1.AdvanceAssign2" name="logout29" time="2.222"/>
  <system-out/>
  <testcase classname="com.sgtesting.testngpack1.AdvanceAssign2" name="closeApplication" time="0.839"/>
  <system-out/>
</testsuite> <!-- com.sgtesting.testngpack1.AdvanceAssign2 -->
