<?xml version="1.0" encoding="UTF-8"?>
<!-- Generated by org.testng.reporters.JUnitReportReporter -->
<testsuite hostname="LAPTOP-P0V6S3OM" failures="0" tests="15" name="com.sgtesting.testngpack1.AdvanceAssign1" time="84.333" errors="0" timestamp="2021-06-02T18:36:56 IST" skipped="0">
  <testcase classname="com.sgtesting.testngpack1.AdvanceAssign1" name="launchBrowser" time="1.397"/>
  <system-out/>
  <testcase classname="com.sgtesting.testngpack1.AdvanceAssign1" name="navigate" time="5.400"/>
  <system-out/>
  <testcase classname="com.sgtesting.testngpack1.AdvanceAssign1" name="login" time="2.163"/>
  <system-out/>
  <testcase classname="com.sgtesting.testngpack1.AdvanceAssign1" name="create3Users" time="18.152"/>
  <system-out/>
  <testcase classname="com.sgtesting.testngpack1.AdvanceAssign1" name="logout" time="2.209"/>
  <system-out/>
  <testcase classname="com.sgtesting.testngpack1.AdvanceAssign1" name="loginUser1" time="10.668"/>
  <system-out/>
  <testcase classname="com.sgtesting.testngpack1.AdvanceAssign1" name="logoutUser1" time="2.797"/>
  <system-out/>
  <testcase classname="com.sgtesting.testngpack1.AdvanceAssign1" name="loginUser2" time="4.295"/>
  <system-out/>
  <testcase classname="com.sgtesting.testngpack1.AdvanceAssign1" name="logoutUser2" time="2.234"/>
  <system-out/>
  <testcase classname="com.sgtesting.testngpack1.AdvanceAssign1" name="loginUser3" time="4.360"/>
  <system-out/>
  <testcase classname="com.sgtesting.testngpack1.AdvanceAssign1" name="logoutUser3" time="2.176"/>
  <system-out/>
  <testcase classname="com.sgtesting.testngpack1.AdvanceAssign1" name="loginAdmin" time="2.181"/>
  <system-out/>
  <testcase classname="com.sgtesting.testngpack1.AdvanceAssign1" name="delete3Users" time="23.881"/>
  <system-out/>
  <testcase classname="com.sgtesting.testngpack1.AdvanceAssign1" name="logoutAdmin" time="2.348"/>
  <system-out/>
  <testcase classname="com.sgtesting.testngpack1.AdvanceAssign1" name="closeApplication" time="0.072"/>
  <system-out/>
</testsuite> <!-- com.sgtesting.testngpack1.AdvanceAssign1 -->
