<?xml version="1.0" encoding="UTF-8"?>
<!-- Generated by org.testng.reporters.JUnitReportReporter -->
<testsuite hostname="LAPTOP-P0V6S3OM" failures="0" tests="7" name="com.sgtesting.log4jassign.ChromeAssign1" time="29.651" errors="0" timestamp="2021-06-03T23:40:48 IST" skipped="0">
  <testcase classname="com.sgtesting.log4jassign.ChromeAssign1" name="launchBrowser" time="1.781"/>
  <system-out/>
  <testcase classname="com.sgtesting.log4jassign.ChromeAssign1" name="navigate" time="4.443"/>
  <system-out/>
  <testcase classname="com.sgtesting.log4jassign.ChromeAssign1" name="login" time="2.164"/>
  <system-out/>
  <testcase classname="com.sgtesting.log4jassign.ChromeAssign1" name="createUser" time="11.906"/>
  <system-out/>
  <testcase classname="com.sgtesting.log4jassign.ChromeAssign1" name="deleteUser" time="7.130"/>
  <system-out/>
  <testcase classname="com.sgtesting.log4jassign.ChromeAssign1" name="logout" time="2.171"/>
  <system-out/>
  <testcase classname="com.sgtesting.log4jassign.ChromeAssign1" name="closeApplication" time="0.056"/>
  <system-out/>
</testsuite> <!-- com.sgtesting.log4jassign.ChromeAssign1 -->
