<?xml version="1.0" encoding="UTF-8"?>
<!-- Generated by org.testng.reporters.JUnitReportReporter -->
<testsuite hostname="LAPTOP-P0V6S3OM" failures="0" tests="7" name="com.sgtesting.assertion.Assign1" time="39.905" errors="0" timestamp="2021-06-05T17:47:35 IST" skipped="0">
  <testcase classname="com.sgtesting.assertion.Assign1" name="launchBrowser" time="1.912"/>
  <system-out/>
  <testcase classname="com.sgtesting.assertion.Assign1" name="navigate" time="7.935"/>
  <system-out/>
  <testcase classname="com.sgtesting.assertion.Assign1" name="login" time="6.218"/>
  <system-out/>
  <testcase classname="com.sgtesting.assertion.Assign1" name="createUser" time="12.214"/>
  <system-out/>
  <testcase classname="com.sgtesting.assertion.Assign1" name="deleteUser" time="9.287"/>
  <system-out/>
  <testcase classname="com.sgtesting.assertion.Assign1" name="logout" time="2.244"/>
  <system-out/>
  <testcase classname="com.sgtesting.assertion.Assign1" name="closeApplication" time="0.095"/>
  <system-out/>
</testsuite> <!-- com.sgtesting.assertion.Assign1 -->
