<?xml version="1.0" encoding="UTF-8"?>
<!-- Generated by org.testng.reporters.JUnitReportReporter -->
<testsuite hostname="LAPTOP-P0V6S3OM" failures="0" tests="7" name="com.sgtesting.testngpack1.ChromeAssign3" time="27.581" errors="0" timestamp="2021-06-02T18:36:56 IST" skipped="0">
  <testcase classname="com.sgtesting.testngpack1.ChromeAssign3" name="login" time="2.147"/>
  <system-out/>
  <testcase classname="com.sgtesting.testngpack1.ChromeAssign3" name="createcustomer" time="7.660"/>
  <system-out/>
  <testcase classname="com.sgtesting.testngpack1.ChromeAssign3" name="deletecustomer" time="7.336"/>
  <system-out/>
  <testcase classname="com.sgtesting.testngpack1.ChromeAssign3" name="closeApplication" time="0.070"/>
  <system-out/>
  <testcase classname="com.sgtesting.testngpack1.ChromeAssign3" name="logout" time="4.180"/>
  <system-out/>
  <testcase classname="com.sgtesting.testngpack1.ChromeAssign3" name="navigate" time="4.408"/>
  <system-out/>
  <testcase classname="com.sgtesting.testngpack1.ChromeAssign3" name="launchBrowser" time="1.780"/>
  <system-out/>
</testsuite> <!-- com.sgtesting.testngpack1.ChromeAssign3 -->
