<?xml version="1.0" encoding="UTF-8"?>
<!-- Generated by org.testng.reporters.JUnitReportReporter -->
<testsuite hostname="LAPTOP-P0V6S3OM" failures="0" tests="8" name="com.sgtesting.testngpack1.ChromeAssign2" time="42.064" errors="0" timestamp="2021-06-02T18:36:56 IST" skipped="0">
  <testcase classname="com.sgtesting.testngpack1.ChromeAssign2" name="closeApplication" time="0.092"/>
  <system-out/>
  <testcase classname="com.sgtesting.testngpack1.ChromeAssign2" name="modifyuser" time="8.279"/>
  <system-out/>
  <testcase classname="com.sgtesting.testngpack1.ChromeAssign2" name="login" time="2.163"/>
  <system-out/>
  <testcase classname="com.sgtesting.testngpack1.ChromeAssign2" name="createUser" time="12.617"/>
  <system-out/>
  <testcase classname="com.sgtesting.testngpack1.ChromeAssign2" name="navigate" time="7.500"/>
  <system-out/>
  <testcase classname="com.sgtesting.testngpack1.ChromeAssign2" name="deleteUser" time="7.207"/>
  <system-out/>
  <testcase classname="com.sgtesting.testngpack1.ChromeAssign2" name="logout" time="2.229"/>
  <system-out/>
  <testcase classname="com.sgtesting.testngpack1.ChromeAssign2" name="launchBrowser" time="1.977"/>
  <system-out/>
</testsuite> <!-- com.sgtesting.testngpack1.ChromeAssign2 -->
