<?xml version="1.0" encoding="UTF-8"?>
<!-- Generated by org.testng.reporters.JUnitReportReporter -->
<testsuite hostname="LAPTOP-P0V6S3OM" failures="0" tests="7" name="com.sgtesting.log4jassign.ChromeAssign3" time="31.171" errors="0" timestamp="2021-06-03T23:40:48 IST" skipped="0">
  <testcase classname="com.sgtesting.log4jassign.ChromeAssign3" name="deletecustomer" time="7.335"/>
  <system-out/>
  <testcase classname="com.sgtesting.log4jassign.ChromeAssign3" name="login" time="2.148"/>
  <system-out/>
  <testcase classname="com.sgtesting.log4jassign.ChromeAssign3" name="navigate" time="4.287"/>
  <system-out/>
  <testcase classname="com.sgtesting.log4jassign.ChromeAssign3" name="closeApplication" time="0.075"/>
  <system-out/>
  <testcase classname="com.sgtesting.log4jassign.ChromeAssign3" name="logout" time="4.223"/>
  <system-out/>
  <testcase classname="com.sgtesting.log4jassign.ChromeAssign3" name="createcustomer" time="11.634"/>
  <system-out/>
  <testcase classname="com.sgtesting.log4jassign.ChromeAssign3" name="launchBrowser" time="1.469"/>
  <system-out/>
</testsuite> <!-- com.sgtesting.log4jassign.ChromeAssign3 -->
